<?xml version="1.0" encoding="UTF-8"?>
<!-- Generated by org.testng.reporters.JUnitXMLReporter -->
<testsuite ignored="0" hostname="Sakshu" failures="0" tests="4" name="Default test" time="14.223" errors="0" timestamp="2024-10-24T02:06:18 IST">
  <testcase classname="TestCases.RegisterTest" name="registerTest" time="1.981"/>
  <testcase classname="TestCases.RegisterTest" name="registerTest" time="1.664"/>
  <testcase classname="TestCases.RegisterTest" name="registerTest" time="1.666"/>
  <testcase classname="TestCases.RegisterTest" name="registerTest" time="1.61"/>
</testsuite> <!-- Default test -->
