<?xml version="1.0" encoding="UTF-8"?>
<!-- Generated by org.testng.reporters.JUnitXMLReporter -->
<testsuite ignored="0" failures="0" tests="5" name="Default test" time="23.446" errors="0" timestamp="2024-10-23T03:18:50 IST">
  <testcase classname="TestCases.RegisterTest" name="registerTest" time="2.365"/>
  <testcase classname="TestCases.RegisterTest" name="registerTest" time="2.002"/>
  <testcase classname="TestCases.RegisterTest" name="registerTest" time="1.934"/>
  <testcase classname="TestCases.RegisterTest" name="registerTest" time="1.979"/>
  <testcase classname="TestCases.RegisterTest" name="registerTest" time="0.891"/>
</testsuite> <!-- Default test -->
