<?xml version="1.0" encoding="UTF-8"?>
<testng-results ignored="0" total="5" passed="5" failed="0" skipped="0">
  <reporter-output>
  </reporter-output>
  <suite started-at="2024-10-23T03:18:26 IST" name="Default suite" finished-at="2024-10-23T03:18:50 IST" duration-ms="23446">
    <groups>
    </groups>
    <test started-at="2024-10-23T03:18:26 IST" name="Default test" finished-at="2024-10-23T03:18:50 IST" duration-ms="23446">
      <class name="TestCases.RegisterTest">
        <test-method is-config="true" signature="setup()[pri:0, instance:TestCases.RegisterTest@6f8e8894]" started-at="2024-10-23T03:18:26 IST" name="setup" finished-at="2024-10-23T03:18:40 IST" duration-ms="14081" status="PASS">
          <reporter-output>
          </reporter-output>
        </test-method> <!-- setup -->
        <test-method signature="registerTest(java.lang.String,java.lang.String,java.lang.String,java.lang.String,java.lang.String,java.lang.String,java.lang.String,java.lang.String,java.lang.String,java.lang.String,java.lang.String,java.lang.String)[pri:0, instance:TestCases.RegisterTest@6f8e8894]" started-at="2024-10-23T03:18:40 IST" name="registerTest" data-provider="registerData" finished-at="2024-10-23T03:18:43 IST" duration-ms="2365" status="PASS">
          <params>
            <param index="0">
              <value>
                <![CDATA[Saksham]]>
              </value>
            </param>
            <param index="1">
              <value>
                <![CDATA[Gupta]]>
              </value>
            </param>
            <param index="2">
              <value>
                <![CDATA[saksham@gmail.com]]>
              </value>
            </param>
            <param index="3">
              <value>
                <![CDATA[Male]]>
              </value>
            </param>
            <param index="4">
              <value>
                <![CDATA[9720031702]]>
              </value>
            </param>
            <param index="5">
              <value>
                <![CDATA[09-12-2002]]>
              </value>
            </param>
            <param index="6">
              <value>
                <![CDATA[English]]>
              </value>
            </param>
            <param index="7">
              <value>
                <![CDATA[Reading, Sports]]>
              </value>
            </param>
            <param index="8">
              <value>
                <![CDATA[image1.jpg]]>
              </value>
            </param>
            <param index="9">
              <value>
                <![CDATA[101 Street]]>
              </value>
            </param>
            <param index="10">
              <value>
                <![CDATA[Haryana]]>
              </value>
            </param>
            <param index="11">
              <value>
                <![CDATA[Panipat]]>
              </value>
            </param>
          </params>
          <reporter-output>
          </reporter-output>
        </test-method> <!-- registerTest -->
        <test-method signature="registerTest(java.lang.String,java.lang.String,java.lang.String,java.lang.String,java.lang.String,java.lang.String,java.lang.String,java.lang.String,java.lang.String,java.lang.String,java.lang.String,java.lang.String)[pri:0, instance:TestCases.RegisterTest@6f8e8894]" started-at="2024-10-23T03:18:43 IST" name="registerTest" data-provider="registerData" finished-at="2024-10-23T03:18:45 IST" duration-ms="2002" status="PASS">
          <params>
            <param index="0">
              <value>
                <![CDATA[Yaju]]>
              </value>
            </param>
            <param index="1">
              <value>
                <![CDATA[Shukla]]>
              </value>
            </param>
            <param index="2">
              <value>
                <![CDATA[yaju@gmail.com]]>
              </value>
            </param>
            <param index="3">
              <value>
                <![CDATA[Male]]>
              </value>
            </param>
            <param index="4">
              <value>
                <![CDATA[9720031702]]>
              </value>
            </param>
            <param index="5">
              <value>
                <![CDATA[09-12-2002]]>
              </value>
            </param>
            <param index="6">
              <value>
                <![CDATA[Computer Science]]>
              </value>
            </param>
            <param index="7">
              <value>
                <![CDATA[Sports, Music]]>
              </value>
            </param>
            <param index="8">
              <value>
                <![CDATA[image1.jpg]]>
              </value>
            </param>
            <param index="9">
              <value>
                <![CDATA[123 Street]]>
              </value>
            </param>
            <param index="10">
              <value>
                <![CDATA[Rajasthan]]>
              </value>
            </param>
            <param index="11">
              <value>
                <![CDATA[Jaipur]]>
              </value>
            </param>
          </params>
          <reporter-output>
          </reporter-output>
        </test-method> <!-- registerTest -->
        <test-method signature="registerTest(java.lang.String,java.lang.String,java.lang.String,java.lang.String,java.lang.String,java.lang.String,java.lang.String,java.lang.String,java.lang.String,java.lang.String,java.lang.String,java.lang.String)[pri:0, instance:TestCases.RegisterTest@6f8e8894]" started-at="2024-10-23T03:18:45 IST" name="registerTest" data-provider="registerData" finished-at="2024-10-23T03:18:47 IST" duration-ms="1934" status="PASS">
          <params>
            <param index="0">
              <value>
                <![CDATA[Sumedh]]>
              </value>
            </param>
            <param index="1">
              <value>
                <![CDATA[Dongre]]>
              </value>
            </param>
            <param index="2">
              <value>
                <![CDATA[sumedh@gmail.com]]>
              </value>
            </param>
            <param index="3">
              <value>
                <![CDATA[Male]]>
              </value>
            </param>
            <param index="4">
              <value>
                <![CDATA[9720031700]]>
              </value>
            </param>
            <param index="5">
              <value>
                <![CDATA[18-05-2003]]>
              </value>
            </param>
            <param index="6">
              <value>
                <![CDATA[Commerce]]>
              </value>
            </param>
            <param index="7">
              <value>
                <![CDATA[Reading]]>
              </value>
            </param>
            <param index="8">
              <value>
                <![CDATA[image1.jpg]]>
              </value>
            </param>
            <param index="9">
              <value>
                <![CDATA[456 Avenue]]>
              </value>
            </param>
            <param index="10">
              <value>
                <![CDATA[Haryana]]>
              </value>
            </param>
            <param index="11">
              <value>
                <![CDATA[Karnal]]>
              </value>
            </param>
          </params>
          <reporter-output>
          </reporter-output>
        </test-method> <!-- registerTest -->
        <test-method signature="registerTest(java.lang.String,java.lang.String,java.lang.String,java.lang.String,java.lang.String,java.lang.String,java.lang.String,java.lang.String,java.lang.String,java.lang.String,java.lang.String,java.lang.String)[pri:0, instance:TestCases.RegisterTest@6f8e8894]" started-at="2024-10-23T03:18:47 IST" name="registerTest" data-provider="registerData" finished-at="2024-10-23T03:18:49 IST" duration-ms="1979" status="PASS">
          <params>
            <param index="0">
              <value>
                <![CDATA[Sanika]]>
              </value>
            </param>
            <param index="1">
              <value>
                <![CDATA[Upasani]]>
              </value>
            </param>
            <param index="2">
              <value>
                <![CDATA[sanika@gmail.com]]>
              </value>
            </param>
            <param index="3">
              <value>
                <![CDATA[Male]]>
              </value>
            </param>
            <param index="4">
              <value>
                <![CDATA[9720031702]]>
              </value>
            </param>
            <param index="5">
              <value>
                <![CDATA[30-12-2003]]>
              </value>
            </param>
            <param index="6">
              <value>
                <![CDATA[English]]>
              </value>
            </param>
            <param index="7">
              <value>
                <![CDATA[Reading, Sports]]>
              </value>
            </param>
            <param index="8">
              <value>
                <![CDATA[image1.jpg]]>
              </value>
            </param>
            <param index="9">
              <value>
                <![CDATA[101 Street]]>
              </value>
            </param>
            <param index="10">
              <value>
                <![CDATA[Haryana]]>
              </value>
            </param>
            <param index="11">
              <value>
                <![CDATA[Panipat]]>
              </value>
            </param>
          </params>
          <reporter-output>
          </reporter-output>
        </test-method> <!-- registerTest -->
        <test-method signature="registerTest(java.lang.String,java.lang.String,java.lang.String,java.lang.String,java.lang.String,java.lang.String,java.lang.String,java.lang.String,java.lang.String,java.lang.String,java.lang.String,java.lang.String)[pri:0, instance:TestCases.RegisterTest@6f8e8894]" started-at="2024-10-23T03:18:49 IST" name="registerTest" data-provider="registerData" finished-at="2024-10-23T03:18:50 IST" duration-ms="891" status="PASS">
          <params>
            <param index="0">
              <value>
                <![CDATA[]]>
              </value>
            </param>
            <param index="1">
              <value>
                <![CDATA[]]>
              </value>
            </param>
            <param index="2">
              <value>
                <![CDATA[]]>
              </value>
            </param>
            <param index="3">
              <value>
                <![CDATA[]]>
              </value>
            </param>
            <param index="4">
              <value>
                <![CDATA[]]>
              </value>
            </param>
            <param index="5">
              <value>
                <![CDATA[]]>
              </value>
            </param>
            <param index="6">
              <value>
                <![CDATA[]]>
              </value>
            </param>
            <param index="7">
              <value>
                <![CDATA[]]>
              </value>
            </param>
            <param index="8">
              <value>
                <![CDATA[]]>
              </value>
            </param>
            <param index="9">
              <value>
                <![CDATA[]]>
              </value>
            </param>
            <param index="10">
              <value>
                <![CDATA[]]>
              </value>
            </param>
            <param index="11">
              <value>
                <![CDATA[]]>
              </value>
            </param>
          </params>
          <reporter-output>
          </reporter-output>
        </test-method> <!-- registerTest -->
        <test-method is-config="true" signature="tearDown()[pri:0, instance:TestCases.RegisterTest@6f8e8894]" started-at="2024-10-23T03:18:50 IST" name="tearDown" finished-at="2024-10-23T03:18:50 IST" duration-ms="300" status="PASS">
          <reporter-output>
          </reporter-output>
        </test-method> <!-- tearDown -->
      </class> <!-- TestCases.RegisterTest -->
    </test> <!-- Default test -->
  </suite> <!-- Default suite -->
</testng-results>
